<?xml version="1.0" encoding="utf-8" standalone="no"?>
<!--This file represents the results of running a test suite-->
<test-results name="D:\Dev\NUnit\nunit-2.5\build\net\2.0\release\NUnitTests.nunit" total="1958" errors="0" failures="0" not-run="2" ignored="0" skipped="2" invalid="0" date="2008-09-14" time="16:45:34">
  <environment nunit-version="2.5.0.8258" clr-version="2.0.50727.1433" os-version="Microsoft Windows NT 5.1.2600 Service Pack 2" platform="Win32NT" cwd="D:\Dev\NUnit\nunit-2.5\build\net\2.0\release" machine-name="FERRARI" user="Charlie" user-domain="FERRARI" />
  <culture-info current-culture="en-US" current-uiculture="en-US" />
  <test-suite name="D:\Dev\NUnit\nunit-2.5\build\net\2.0\release\NUnitTests.nunit" executed="True" success="True" time="127.594" asserts="0">
    <results>
      <test-suite name="D:\Dev\NUnit\nunit-2.5\build\net\2.0\release\tests/nunit.framework.tests.dll" executed="True" success="True" time="11.313" asserts="0">
        <results>
          <test-suite name="NUnit" executed="True" success="True" time="11.313" asserts="0">
            <results>
              <test-suite name="Framework" executed="True" success="True" time="11.313" asserts="0">
                <results>
                  <test-suite name="Constraints" executed="True" success="True" time="6.000" asserts="0">
                    <results>
                      <test-suite name="Tests" executed="True" success="True" time="5.875" asserts="0">
                        <results>
                          <test-suite name="AllItemsTests" executed="True" success="True" time="0.109" asserts="0">
                            <results>
                              <test-case name="NUnit.Framework.Constraints.Tests.AllItemsTests.AllItemsAreInRange" executed="True" success="True" time="0.016" asserts="1" />
                              <test-case name="NUnit.Framework.Constraints.Tests.AllItemsTests.AllItemsAreInRangeFailureMessage" executed="True" success="True" time="0.016" asserts="2" />
                              <test-case name="NUnit.Framework.Constraints.Tests.AllItemsTests.AllItemsAreInstancesOfType" executed="True" success="True" time="0.016" asserts="1" />
                              <test-case name="NUnit.Framework.Constraints.Tests.AllItemsTests.AllItemsAreInstancesOfTypeFailureMessage" executed="True" success="True" time="0.000" asserts="2" />
                              <test-case name="NUnit.Framework.Constraints.Tests.AllItemsTests.AllItemsAreNotNull" executed="True" success="True" time="0.000" asserts="1" />
                              <test-case name="NUnit.Framework.Constraints.Tests.AllItemsTests.AllItemsAreNotNullFails" executed="True" success="True" time="0.000" asserts="2" />
                            </results>
                          </test-suite>
                          <test-suite name="AndTest" executed="True" success="True" time="0.000" asserts="0">
                            <results>
                              <test-case name="NUnit.Framework.Constraints.Tests.AndTest.CanCombineTestsWithAndOperator" executed="True" success="True" time="0.000" asserts="1" />
                              <test-suite name="FailsWithBadValues" executed="True" success="True" time="0.000" asserts="0">
                                <results>
                                  <test-case name="NUnit.Framework.Constraints.Tests.AndTest.FailsWithBadValues(37)" executed="True" success="True" time="0.000" asserts="1" />
                                  <test-case name="NUnit.Framework.Constraints.Tests.AndTest.FailsWithBadValues(53)" executed="True" success="True" time="0.000" asserts="1" />
                                </results>
                              </test-suite>
                              <test-case name="NUnit.Framework.Constraints.Tests.AndTest.ProvidesProperDescription" executed="True" success="True" time="0.000" asserts="1" />
                              <test-suite name="ProvidesProperFailureMessage" executed="True" success="True" time="0.000" asserts="0">
                                <results>
                                  <test-case name="NUnit.Framework.Constraints.Tests.AndTest.ProvidesProperFailureMessage(37,&quot;37&quot;)" executed="True" success="True" time="0.000" asserts="1" />
                                  <test-case name="NUnit.Framework.Constraints.Tests.AndTest.ProvidesProperFailureMessage(53,&quot;53&quot;)" executed="True" success="True" time="0.000" asserts="1" />
                                </results>
                              </test-suite>
                              <test-case name="NUnit.Framework.Constraints.Tests.AndTest.ProvidesProperStringRepresentation" executed="True" success="True" time="0.000" asserts="1" />
                              <test-suite name="SucceedsWithGoodValues" executed="True" success="True" time="0.000" asserts="0">
                                <results>
                                  <test-case name="NUnit.Framework.Constraints.Tests.AndTest.SucceedsWithGoodValues(42)" executed="True" success="True" time="0.000" asserts="1" />
                                </results>
                              </test-suite>
                            </results>
                          </test-suite>
                          <test-suite name="AssignableFromTest" executed="True" success="True" time="0.000" asserts="0">
                            <results>
                              <test-suite name="FailsWithBadValues" executed="True" success="True" time="0.000" asserts="0">
                                <results>
                                  <test-case name="NUnit.Framework.Constraints.Tests.AssignableFromTest.FailsWithBadValues(NUnit.Framework.Constraints.Tests.D2)" executed="True" success="True" time="0.000" asserts="1" />
                                </results>
                              </test-suite>
                              <test-case name="NUnit.Framework.Constraints.Tests.AssignableFromTest.ProvidesProperDescription" executed="True" success="True" time="0.000" asserts="1" />
                              <test-suite name="ProvidesProperFailureMessage" executed="True" success="True" time="0.000" asserts="0">
                                <results>
                                  <test-case name="NUnit.Framework.Constraints.Tests.AssignableFromTest.ProvidesProperFailureMessage(NUnit.Framework.Constraints.Tests.D2,&quot;&lt;NUnit.Framework.Constraints.Tests.D2&gt;&quot;)" executed="True" success="True" time="0.000" asserts="1" />
                                </results>
                              </test-suite>
                              <test-case name="NUnit.Framework.Constraints.Tests.AssignableFromTest.ProvidesProperStringRepresentation" executed="True" success="True" time="0.000" asserts="1" />
                              <test-suite name="SucceedsWithGoodValues" executed="True" success="True" time="0.000" asserts="0">
                                <results>
                                  <test-case name="NUnit.Framework.Constraints.Tests.AssignableFromTest.SucceedsWithGoodValues(NUnit.Framework.Constraints.Tests.B)" executed="True" success="True" time="0.000" asserts="1" />
                                  <test-case name="NUnit.Framework.Constraints.Tests.AssignableFromTest.SucceedsWithGoodValues(NUnit.Framework.Constraints.Tests.D1)" executed="True" success="True" time="0.000" asserts="1" />
                                </results>
                              </test-suite>
                            </results>
                          </test-suite>
                          <test-suite name="AssignableToTest" executed="True" success="True" time="0.000" asserts="0">
                            <results>
                              <test-suite name="FailsWithBadValues" executed="True" success="True" time="0.000" asserts="0">
                                <results>
                                  <test-case name="NUnit.Framework.Constraints.Tests.AssignableToTest.FailsWithBadValues(NUnit.Framework.Constraints.Tests.B)" executed="True" success="True" time="0.000" asserts="1" />
                                </results>
                              </test-suite>
                              <test-case name="NUnit.Framework.Constraints.Tests.AssignableToTest.ProvidesProperDescription" executed="True" success="True" time="0.000" asserts="1" />
                              <test-suite name="ProvidesProperFailureMessage" executed="True" success="True" time="0.000" asserts="0">
                                <results>
                                  <test-case name="NUnit.Framework.Constraints.Tests.AssignableToTest.ProvidesProperFailureMessage(NUnit.Framework.Constraints.Tests.B,&quot;&lt;NUnit.Framework.Constraints.Tests.B&gt;&quot;)" executed="True" success="True" time="0.000" asserts="1" />
                                </results>
                              </test-suite>
                              <test-case name="NUnit.Framework.Constraints.Tests.AssignableToTest.ProvidesProperStringRepresentation" executed="True" success="True" time="0.000" asserts="1" />
                              <test-suite name="SucceedsWithGoodValues" executed="True" success="True" time="0.000" asserts="0">
                                <results>
                                  <test-case name="NUnit.Framework.Constraints.Tests.AssignableToTest.SucceedsWithGoodValues(NUnit.Framework.Constraints.Tests.D1)" executed="True" success="True" time="0.000" asserts="1" />
                                  <test-case name="NUnit.Framework.Constraints.Tests.AssignableToTest.SucceedsWithGoodValues(NUnit.Framework.Constraints.Tests.D2)" executed="True" success="True" time="0.000" asserts="1" />
                                </results>
                              </test-suite>
                            </results>
                          </test-suite>
                          <test-suite name="AttributeConstraintTest" executed="True" success="True" time="0.016" asserts="0">
                            <results>
                              <test-suite name="FailsWithBadValues" executed="True" success="True" time="0.000" asserts="0">
                                <results>
                                  <test-case name="NUnit.Framework.Constraints.Tests.AttributeConstraintTest.FailsWithBadValues(NUnit.Framework.Constraints.Tests.D2)" executed="True" success="True" time="0.000" asserts="1" />
                                </results>
                              </test-suite>
                              <test-case name="NUnit.Framework.Constraints.Tests.AttributeConstraintTest.NonAttributeThrowsException" executed="True" success="True" time="0.000" asserts="0" />
                              <test-case name="NUnit.Framework.Constraints.Tests.AttributeConstraintTest.ProvidesProperDescription" executed="True" success="True" time="0.000" asserts="1" />
                              <test-suite name="ProvidesProperFailureMessage" executed="True" success="True" time="0.000" asserts="0">
                                <results>
                                  <test-case name="NUnit.Framework.Constraints.Tests.AttributeConstraintTest.ProvidesProperFailureMessage(NUnit.Framework.Constraints.Tests.D2,&quot;&lt;NUnit.Framework.Constraints.Tests.D2&gt;&quot;)" executed="True" success="True" time="0.000" asserts="1" />
                                </results>
                              </test-suite>
                              <test-case name="NUnit.Framework.Constraints.Tests.AttributeConstraintTest.ProvidesProperStringRepresentation" executed="True" success="True" time="0.000" asserts="1" />
                              <test-suite name="SucceedsWithGoodValues" executed="True" success="True" time="0.000" asserts="0">
                                <results>
                                  <test-case name="NUnit.Framework.Constraints.Tests.AttributeConstraintTest.SucceedsWithGoodValues(NUnit.Framework.Constraints.Tests.AttributeConstraintTest)" executed="True" success="True" time="0.000" asserts="1" />
                                </results>
                              </test-suite>
                            </results>
                          </test-suite>
                          <test-suite name="BinarySerializableTest" executed="True" success="True" time="0.047" asserts="0">
                            <results>
                              <test-suite name="FailsWithBadValues" executed="True" success="True" time="0.016" asserts="0">
                                <results>
                                  <test-case name="NUnit.Framework.Constraints.Tests.BinarySerializableTest.FailsWithBadValues(NUnit.Framework.Constraints.Tests.InternalClass)" executed="True" success="True" time="0.016" asserts="1" />
                                </results>
                              </test-suite>
                              <test-suite name="InvalidDataThrowsArgumentException" executed="True" success="True" time="0.000" asserts="0">
                                <results>
                                  <test-case name="NUnit.Framework.Constraints.Tests.BinarySerializableTest.InvalidDataThrowsArgumentException(null)" executed="True" success="True" time="0.000" asserts="0" />
                                </results>
                              </test-suite>
                              <test-case name="NUnit.Framework.Constraints.Tests.BinarySerializableTest.ProvidesProperDescription" executed="True" success="True" time="0.016" asserts="1" />
                              <test-suite name="ProvidesProperFailureMessage" executed="True" success="True" time="0.000" asserts="0">
                                <results>
                                  <test-case name="NUnit.Framework.Constraints.Tests.BinarySerializableTest.ProvidesProperFailureMessage(NUnit.Framework.Constraints.Tests.InternalClass,&quot;&lt;InternalClass&gt;&quot;)" executed="True" success="True" time="0.000" asserts="1" />
                                </results>
                              </test-suite>
                              <test-case name="NUnit.Framework.Constraints.Tests.BinarySerializableTest.ProvidesProperStringRepresentation" executed="True" success="True" time="0.000" asserts="1" />
                              <test-suite name="SucceedsWithGoodValues" executed="True" success="True" time="0.016" asserts="0">
                                <results>
                                  <test-case name="NUnit.Framework.Constraints.Tests.BinarySerializableTest.SucceedsWithGoodValues(&quot;a&quot;)" executed="True" success="True" time="0.000" asserts="1" />
                                  <test-case name="NUnit.Framework.Constraints.Tests.BinarySerializableTest.SucceedsWithGoodValues(1)" executed="True" success="True" time="0.000" asserts="1" />
                                  <test-case name="NUnit.Framework.Constraints.Tests.BinarySerializableTest.SucceedsWithGoodValues(NUnit.Framework.Constraints.Tests.InternalWithSerializableAttributeClass)" executed="True" success="True" time="0.016" asserts="1" />
                                  <test-case name="NUnit.Framework.Constraints.Tests.BinarySerializableTest.SucceedsWithGoodValues(System.Collections.ArrayList)" executed="True" success="True" time="0.000" asserts="1" />
                                </results>
                              </test-suite>
                            </results>
                          </test-suite>
                          <test-suite name="CollectionContainsTests" executed="True" success="True" time="0.000" asserts="0">
                            <results>
                              <test-case name="NUnit.Framework.Constraints.Tests.CollectionContainsTests.CanTestContentsOfArray" executed="True" success="True" time="0.000" asserts="1" />
                              <test-case name="NUnit.Framework.Constraints.Tests.CollectionContainsTests.CanTestContentsOfArrayList" executed="True" success="True" time="0.000" asserts="1" />
                              <test-case name="NUnit.Framework.Constraints.Tests.CollectionContainsTests.CanTestContentsOfCollectionNotImplementingIList" executed="True" success="True" time="0.000" asserts="1" />
                              <test-case name="NUnit.Framework.Constraints.Tests.CollectionContainsTests.CanTestContentsOfSortedList" executed="True" success="True" time="0.000" asserts="2" />
                            </results>
                          </test-suite>
                          <test-suite name="CollectionOrderedTests" executed="True" success="True" time="0.047" asserts="0">
                            <results>
                              <test-case name="NUnit.Framework.Constraints.Tests.CollectionOrderedTests.IsOrdered" executed="True" success="True" time="0.000" asserts="1" />
                              <test-case name="NUnit.Framework.Constraints.Tests.CollectionOrderedTests.IsOrdered_2" executed="True" success="True" time="0.000" asserts="1" />
                              <test-case name="NUnit.Framework.Constraints.Tests.CollectionOrderedTests.IsOrdered_Allows_adjacent_equal_values" executed="True" success="True" time="0.000" asserts="1" />
                              <test-case name="NUnit.Framework.Constraints.Tests.CollectionOrderedTests.IsOrdered_AtLeastOneArgMustImplementIComparable" executed="True" success="True" time="0.016" asserts="1" />
                              <test-case name="NUnit.Framework.Constraints.Tests.CollectionOrderedTests.IsOrdered_Fails" executed="True" success="True" time="0.000" asserts="2" />
                              <test-case name="NUnit.Framework.Constraints.Tests.CollectionOrderedTests.IsOrdered_Handles_custom_comparison" executed="True" success="True" time="0.016" asserts="1" />
                              <test-case name="NUnit.Framework.Constraints.Tests.CollectionOrderedTests.IsOrdered_Handles_custom_comparison2" executed="True" success="True" time="0.000" asserts="1" />
                              <test-case name="NUnit.Framework.Constraints.Tests.CollectionOrderedTests.IsOrdered_Handles_null" executed="True" success="True" time="0.000" asserts="1" />
                              <test-case name="NUnit.Framework.Constraints.Tests.CollectionOrderedTests.IsOrdered_TypesMustBeComparable" executed="True" success="True" time="0.000" asserts="1" />
                              <test-case name="NUnit.Framework.Constraints.Tests.CollectionOrderedTests.IsOrderedBy" executed="True" success="True" time="0.000" asserts="1" />
                              <test-case name="NUnit.Framework.Constraints.Tests.CollectionOrderedTests.IsOrderedBy_Comparer" executed="True" success="True" time="0.000" asserts="1" />
                              <test-case name="NUnit.Framework.Constraints.Tests.CollectionOrderedTests.IsOrderedBy_Handles_heterogeneous_classes_as_long_as_the_property_is_of_same_type" executed="True" success="True" time="0.000" asserts="1" />
                              <test-case name="NUnit.Framework.Constraints.Tests.CollectionOrderedTests.IsOrderedDescending" executed="True" success="True" time="0.000" asserts="1" />
                              <test-case name="NUnit.Framework.Constraints.Tests.CollectionOrderedTests.IsOrderedDescending_2" executed="True" success="True" time="0.000" asserts="1" />
                            </results>
                          </test-suite>
                          <test-suite name="EmptyConstraintTest" executed="True" success="True" time="0.031" asserts="0">
                            <results>
                              <test-suite name="FailsWithBadValues" executed="True" success="True" time="0.000" asserts="0">
                                <results>
                                  <test-case name="NUnit.Framework.Constraints.Tests.EmptyConstraintTest.FailsWithBadValues(&quot;Hello&quot;)" executed="True" success="True" time="0.000" asserts="1" />
                                  <test-case name="NUnit.Framework.Constraints.Tests.EmptyConstraintTest.FailsWithBadValues(System.Object[])" executed="True" success="True" time="0.000" asserts="1" />
                                </results>
                              </test-suite>
                              <test-suite name="InvalidDataThrowsArgumentException" executed="True" success="True" time="0.031" asserts="0">
                                <results>
                                  <test-case name="NUnit.Framework.Constraints.Tests.EmptyConstraintTest.InvalidDataThrowsArgumentException(5)" executed="True" success="True" time="0.016" asserts="0" />
                                  <test-case name="NUnit.Framework.Constraints.Tests.EmptyConstraintTest.InvalidDataThrowsArgumentException(null)" executed="True" success="True" time="0.016" asserts="0" />
                                </results>
                              </test-suite>
                              <test-case name="NUnit.Framework.Constraints.Tests.EmptyConstraintTest.ProvidesProperDescription" executed="True" success="True" time="0.000" asserts="1" />
                              <test-suite name="ProvidesProperFailureMessage" executed="True" success="True" time="0.000" asserts="0">
                                <results>
                                  <test-case name="NUnit.Framework.Constraints.Tests.EmptyConstraintTest.ProvidesProperFailureMessage(&quot;Hello&quot;,&quot;&quot;Hello&quot;&quot;)" executed="True" success="True" time="0.000" asserts="1" />
                                  <test-case name="NUnit.Framework.Constraints.Tests.EmptyConstraintTest.ProvidesProperFailureMessage(System.Object[],&quot;&lt; 1, 2, 3 &gt;&quot;)" executed="True" success="True" time="0.000" asserts="1" />
                                </results>
                              </test-suite>
                              <test-case name="NUnit.Framework.Constraints.Tests.EmptyConstraintTest.ProvidesProperStringRepresentation" executed="True" success="True" time="0.000" asserts="1" />
                              <test-suite name="SucceedsWithGoodValues" executed="True" success="True" time="0.000" asserts="0">
                                <results>
                                  <test-case name="NUnit.Framework.Constraints.Tests.EmptyConstraintTest.SucceedsWithGoodValues(&quot;&quot;)" executed="True" success="True" time="0.000" asserts="1" />
                                  <test-case name="NUnit.Framework.Constraints.Tests.EmptyConstraintTest.SucceedsWithGoodValues(System.Collections.ArrayList)" executed="True" success="True" time="0.000" asserts="1" />
                                  <test-case name="NUnit.Framework.Constraints.Tests.EmptyConstraintTest.SucceedsWithGoodValues(System.Collections.Generic.List`1[System.Int32])" executed="True" success="True" time="0.000" asserts="1" />
                                  <test-case name="NUnit.Framework.Constraints.Tests.EmptyConstraintTest.SucceedsWithGoodValues(System.Object[])" executed="True" success="True" time="0.000" asserts="1" />
                                </results>
                              </test-suite>
                            </results>
                          </test-suite>
                          <test-suite name="EndsWithTest" executed="True" success="True" time="0.000" asserts="0">
                            <results>
                              <test-suite name="FailsWithBadValues" executed="True" success="True" time="0.000" asserts="0">
                                <results>
                                  <test-case name="NUnit.Framework.Constraints.Tests.EndsWithTest.FailsWithBadValues(&quot;&quot;)" executed="True" success="True" time="0.000" asserts="1" />
                                  <test-case name="NUnit.Framework.Constraints.Tests.EndsWithTest.FailsWithBadValues(&quot;goodbye&quot;)" executed="True" success="True" time="0.000" asserts="1" />
                                  <test-case name="NUnit.Framework.Constraints.Tests.EndsWithTest.FailsWithBadValues(&quot;hello there&quot;)" executed="True" success="True" time="0.000" asserts="1" />
                                  <test-case name="NUnit.Framework.Constraints.Tests.EndsWithTest.FailsWithBadValues(&quot;say hello to fred&quot;)" executed="True" success="True" time="0.000" asserts="1" />
                                  <test-case name="NUnit.Framework.Constraints.Tests.EndsWithTest.FailsWithBadValues(&quot;What the hell?&quot;)" executed="True" success="True" time="0.000" asserts="1" />
                                  <test-case name="NUnit.Framework.Constraints.Tests.EndsWithTest.FailsWithBadValues(null)" executed="True" success="True" time="0.000" asserts="1" />
                                </results>
                              </test-suite>
                              <test-case name="NUnit.Framework.Constraints.Tests.EndsWithTest.ProvidesProperDescription" executed="True" success="True" time="0.000" asserts="1" />
                              <test-suite name="ProvidesProperFailureMessage" executed="True" success="True" time="0.000" asserts="0">
                                <results>
                                  <test-case name="NUnit.Framework.Constraints.Tests.EndsWithTest.ProvidesProperFailureMessage(&quot;&quot;,&quot;&lt;string.Empty&gt;&quot;)" executed="True" success="True" time="0.000" asserts="1" />
                                  <test-case name="NUnit.Framework.Constraints.Tests.EndsWithTest.ProvidesProperFailureMessage(&quot;goodbye&quot;,&quot;&quot;goodbye&quot;&quot;)" executed="True" success="True" time="0.000" asserts="1" />
                                  <test-case name="NUnit.Framework.Constraints.Tests.EndsWithTest.ProvidesProperFailureMessage(&quot;hello there&quot;,&quot;&quot;hello there&quot;&quot;)" executed="True" success="True" time="0.000" asserts="1" />
                                  <test-case name="NUnit.Framework.Constraints.Tests.EndsWithTest.ProvidesProperFailureMessage(&quot;say hello to fred&quot;,&quot;&quot;say hello to fred&quot;&quot;)" executed="True" success="True" time="0.000" asserts="1" />
                                  <test-case name="NUnit.Framework.Constraints.Tests.EndsWithTest.ProvidesProperFailureMessage(&quot;What the hell?&quot;,&quot;&quot;What the hell?&quot;&quot;)" executed="True" success="True" time="0.000" asserts="1" />
                                  <test-case name="NUnit.Framework.Constraints.Tests.EndsWithTest.ProvidesProperFailureMessage(null,&quot;null&quot;)" executed="True" success="True" time="0.000" asserts="1" />
                                </results>
                              </test-suite>
                              <test-case name="NUnit.Framework.Constraints.Tests.EndsWithTest.ProvidesProperStringRepresentation" executed="True" success="True" time="0.000" asserts="1" />
                              <test-suite name="SucceedsWithGoodValues" executed="True" success="True" time="0.000" asserts="0">
                                <results>
                                  <test-case name="NUnit.Framework.Constraints.Tests.EndsWithTest.SucceedsWithGoodValues(&quot;hello&quot;)" executed="True" success="True" time="0.000" asserts="1" />
                                  <test-case name="NUnit.Framework.Constraints.Tests.EndsWithTest.SucceedsWithGoodValues(&quot;I said hello&quot;)" executed="True" success="True" time="0.000" asserts="1" />
                                </results>
                              </test-suite>
                            </results>
                          </test-suite>
                          <test-suite name="EndsWithTestIgnoringCase" executed="True" success="True" time="0.000" asserts="0">
                            <results>
                              <test-suite name="FailsWithBadValues" executed="True" success="True" time="0.000" asserts="0">
                                <results>
                                  <test-case name="NUnit.Framework.Constraints.Tests.EndsWithTestIgnoringCase.FailsWithBadValues(&quot;&quot;)" executed="True" success="True" time="0.000" asserts="1" />
                                  <test-case name="NUnit.Framework.Constraints.Tests.EndsWithTestIgnoringCase.FailsWithBadValues(&quot;goodbye&quot;)" executed="True" success="True" time="0.000" asserts="1" />
                                  <test-case name="NUnit.Framework.Constraints.Tests.EndsWithTestIgnoringCase.FailsWithBadValues(&quot;hello there&quot;)" executed="True" success="True" time="0.000" asserts="1" />
                                  <test-case name="NUnit.Framework.Constraints.Tests.EndsWithTestIgnoringCase.FailsWithBadValues(&quot;say hello to fred&quot;)" executed="True" success="True" time="0.000" asserts="1" />
                                  <test-case name="NUnit.Framework.Constraints.Tests.EndsWithTestIgnoringCase.FailsWithBadValues(&quot;What the hell?&quot;)" executed="True" success="True" time="0.000" asserts="1" />
                                  <test-case name="NUnit.Framework.Constraints.Tests.EndsWithTestIgnoringCase.FailsWithBadValues(null)" executed="True" success="True" time="0.000" asserts="1" />
                                </results>
                              </test-suite>
                              <test-case name="NUnit.Framework.Constraints.Tests.EndsWithTestIgnoringCase.ProvidesProperDescription" executed="True" success="True" time="0.000" asserts="1" />
                              <test-suite name="ProvidesProperFailureMessage" executed="True" success="True" time="0.000" asserts="0">
                                <results>
                                  <test-case name="NUnit.Framework.Constraints.Tests.EndsWithTestIgnoringCase.ProvidesProperFailureMessage(&quot;&quot;,&quot;&lt;string.Empty&gt;&quot;)" executed="True" success="True" time="0.000" asserts="1" />
                                  <test-case name="NUnit.Framework.Constraints.Tests.EndsWithTestIgnoringCase.ProvidesProperFailureMessage(&quot;goodbye&quot;,&quot;&quot;goodbye&quot;&quot;)" executed="True" success="True" time="0.000" asserts="1" />
                                  <test-case name="NUnit.Framework.Constraints.Tests.EndsWithTestIgnoringCase.ProvidesProperFailureMessage(&quot;hello there&quot;,&quot;&quot;hello there&quot;&quot;)" executed="True" success="True" time="0.000" asserts="1" />
                                  <test-case name="NUnit.Framework.Constraints.Tests.EndsWithTestIgnoringCase.ProvidesProperFailureMessage(&quot;say hello to fred&quot;,&quot;&quot;say hello to fred&quot;&quot;)" executed="True" success="True" time="0.000" asserts="1" />
                                  <test-case name="NUnit.Framework.Constraints.Tests.EndsWithTestIgnoringCase.ProvidesProperFailureMessage(&quot;What the hell?&quot;,&quot;&quot;What the hell?&quot;&quot;)" executed="True" success="True" time="0.000" asserts="1" />
                                  <test-case name="NUnit.Framework.Constraints.Tests.EndsWithTestIgnoringCase.ProvidesProperFailureMessage(null,&quot;null&quot;)" executed="True" success="True" time="0.000" asserts="1" />
                                </results>
                              </test-suite>
                              <test-case name="NUnit.Framework.Constraints.Tests.EndsWithTestIgnoringCase.ProvidesProperStringRepresentation" executed="True" success="True" time="0.000" asserts="1" />
                              <test-suite name="SucceedsWithGoodValues" executed="True" success="True" time="0.000" asserts="0">
                                <results>
                                  <test-case name="NUnit.Framework.Constraints.Tests.EndsWithTestIgnoringCase.SucceedsWithGoodValues(&quot;HELLO&quot;)" executed="True" success="True" time="0.000" asserts="1" />
                                  <test-case name="NUnit.Framework.Constraints.Tests.EndsWithTestIgnoringCase.SucceedsWithGoodValues(&quot;I said Hello&quot;)" executed="True" success="True" time="0.000" asserts="1" />
                                </results>
                              </test-suite>
                            </results>
                          </test-suite>
                          <test-suite name="EqualConstraintTest" executed="True" success="True" time="0.000" asserts="0">
                            <results>
                              <test-case name="NUnit.Framework.Constraints.Tests.EqualConstraintTest.CanMatchDates" executed="True" success="True" time="0.000" asserts="1" />
                              <test-case name="NUnit.Framework.Constraints.Tests.EqualConstraintTest.CanMatchDatesWithinTolerance" executed="True" success="True" time="0.000" asserts="1" />
                              <test-suite name="CanMatchSpecialFloatingPointValues" executed="True" success="True" time="0.000" asserts="0">
                                <results>
                                  <test-case name="NUnit.Framework.Constraints.Tests.EqualConstraintTest.CanMatchSpecialFloatingPointValues(double.NaN)" executed="True" success="True" time="0.000" asserts="1" />
                                  <test-case name="NUnit.Framework.Constraints.Tests.EqualConstraintTest.CanMatchSpecialFloatingPointValues(double.NegativeInfinity)" executed="True" success="True" time="0.000" asserts="1" />
                                  <test-case name="NUnit.Framework.Constraints.Tests.EqualConstraintTest.CanMatchSpecialFloatingPointValues(double.PositiveInfinity)" executed="True" success="True" time="0.000" asserts="1" />
                                  <test-case name="NUnit.Framework.Constraints.Tests.EqualConstraintTest.CanMatchSpecialFloatingPointValues(float.NaN)" executed="True" success="True" time="0.000" asserts="1" />
                                  <test-case name="NUnit.Framework.Constraints.Tests.EqualConstraintTest.CanMatchSpecialFloatingPointValues(float.NegativeInfinity)" executed="True" success="True" time="0.000" asserts="1" />
                                  <test-case name="NUnit.Framework.Constraints.Tests.EqualConstraintTest.CanMatchSpecialFloatingPointValues(float.PositiveInfinity)" executed="True" success="True" time="0.000" asserts="1" />
                                </results>
                              </test-suite>
                              <test-suite name="FailsWithBadValues" executed="True" success="True" time="0.000" asserts="0">
                                <results>
                                  <test-case name="NUnit.Framework.Constraints.Tests.EqualConstraintTest.FailsWithBadValues(&quot;Hello&quot;)" executed="True" success="True" time="0.000" asserts="1" />
                                  <test-case name="NUnit.Framework.Constraints.Tests.EqualConstraintTest.FailsWithBadValues(5)" executed="True" success="True" time="0.000" asserts="1" />
                                  <test-case name="NUnit.Framework.Constraints.Tests.EqualConstraintTest.FailsWithBadValues(double.NaN)" executed="True" success="True" time="0.000" asserts="1" />
                                  <test-case name="NUnit.Framework.Constraints.Tests.EqualConstraintTest.FailsWithBadValues(double.PositiveInfinity)" executed="True" success="True" time="0.000" asserts="1" />
                                  <test-case name="NUnit.Framework.Constraints.Tests.EqualConstraintTest.FailsWithBadValues(null)" executed="True" success="True" time="0.000" asserts="1" />
                                </results>
                              </test-suite>
                              <test-case name="NUnit.Framework.Constraints.Tests.EqualConstraintTest.ProvidesProperDescription" executed="True" success="True" time="0.000" asserts="1" />
                              <test-suite name="ProvidesProperFailureMessage" executed="True" success="True" time="0.000" asserts="0">
                                <results>
                                  <test-case name="NUnit.Framework.Constraints.Tests.EqualConstraintTest.ProvidesProperFailureMessage(&quot;Hello&quot;,&quot;&quot;Hello&quot;&quot;)" executed="True" success="True" time="0.000" asserts="1" />
                                  <test-case name="NUnit.Framework.Constraints.Tests.EqualConstraintTest.ProvidesProperFailureMessage(5,&quot;5&quot;)" executed="True" success="True" time="0.000" asserts="1" />
                                  <test-case name="NUnit.Framework.Constraints.Tests.EqualConstraintTest.ProvidesProperFailureMessage(double.NaN,&quot;NaN&quot;)" executed="True" success="True" time="0.000" asserts="1" />
                                  <test-case name="NUnit.Framework.Constraints.Tests.EqualConstraintTest.ProvidesProperFailureMessage(double.PositiveInfinity,&quot;Infinity&quot;)" executed="True" success="True" time="0.000" asserts="1" />
                                  <test-case name="NUnit.Framework.Constraints.Tests.EqualConstraintTest.ProvidesProperFailureMessage(null,&quot;null&quot;)" executed="True" success="True" time="0.000" asserts="1" />
                                </results>
                              </test-suite>
                              <test-case name="NUnit.Framework.Constraints.Tests.EqualConstraintTest.ProvidesProperStringRepresentation" executed="True" success="True" time="0.000" asserts="1" />
                              <test-suite name="SucceedsWithGoodValues" executed="True" success="True" time="0.000" asserts="0">
                                <results>
                                  <test-case name="NUnit.Framework.Constraints.Tests.EqualConstraintTest.SucceedsWithGoodValues(4)" executed="True" success="True" time="0.000" asserts="1" />
                                  <test-case name="NUnit.Framework.Constraints.Tests.EqualConstraintTest.SucceedsWithGoodValues(4.0000m)" executed="True" success="True" time="0.000" asserts="1" />
                                  <test-case name="NUnit.Framework.Constraints.Tests.EqualConstraintTest.SucceedsWithGoodValues(4.0d)" executed="True" success="True" time="0.000" asserts="1" />
                                  <test-case name="NUnit.Framework.Constraints.Tests.EqualConstraintTest.SucceedsWithGoodValues(4.0f)" executed="True" success="True" time="0.000" asserts="1" />
                                </results>
                              </test-suite>
                            </results>
                          </test-suite>
                          <test-suite name="EqualTest" executed="True" success="True" time="0.125" asserts="0">
                            <results>
                              <test-case name="NUnit.Framework.Constraints.Tests.EqualTest.FailedStringMatchShowsFailurePosition" executed="True" success="True" time="0.031" asserts="2" />
                              <test-case name="NUnit.Framework.Constraints.Tests.EqualTest.LongStringsAreTruncated" executed="True" success="True" time="0.000" asserts="2" />
                              <test-case name="NUnit.Framework.Constraints.Tests.EqualTest.LongStringsAreTruncatedAtBothEndsIfNecessary" executed="True" success="True" time="0.000" asserts="2" />
                              <test-case name="NUnit.Framework.Constraints.Tests.EqualTest.LongStringsAreTruncatedAtFrontEndIfNecessary" executed="True" success="True" time="0.000" asserts="2" />
                            </results>
                          </test-suite>
                          <test-suite name="ExactTypeTest" executed="True" success="True" time="0.016" asserts="0">
                            <results>
                              <test-suite name="FailsWithBadValues" executed="True" success="True" time="0.000" asserts="0">
                                <results>
                                  <test-case name="NUnit.Framework.Constraints.Tests.ExactTypeTest.FailsWithBadValues(NUnit.Framework.Constraints.Tests.B)" executed="True" success="True" time="0.000" asserts="1" />
                                  <test-case name="NUnit.Framework.Constraints.Tests.ExactTypeTest.FailsWithBadValues(NUnit.Framework.Constraints.Tests.D2)" executed="True" success="True" time="0.000" asserts="1" />
                                </results>
                              </test-suite>
                              <test-case name="NUnit.Framework.Constraints.Tests.ExactTypeTest.ProvidesProperDescription" executed="True" success="True" time="0.000" asserts="1" />
                              <test-suite name="ProvidesProperFailureMessage" executed="True" success="True" time="0.016" asserts="0">
                                <results>
                                  <test-case name="NUnit.Framework.Constraints.Tests.ExactTypeTest.ProvidesProperFailureMessage(NUnit.Framework.Constraints.Tests.B,&quot;&lt;NUnit.Framework.Constraints.Tests.B&gt;&quot;)" executed="True" success="True" time="0.000" asserts="1" />
                                  <test-case name="NUnit.Framework.Constraints.Tests.ExactTypeTest.ProvidesProperFailureMessage(NUnit.Framework.Constraints.Tests.D2,&quot;&lt;NUnit.Framework.Constraints.Tests.D2&gt;&quot;)" executed="True" success="True" time="0.000" asserts="1" />
                                </results>
                              </test-suite>
                              <test-case name="NUnit.Framework.Constraints.Tests.ExactTypeTest.ProvidesProperStringRepresentation" executed="True" success="True" time="0.000" asserts="1" />
                              <test-suite name="SucceedsWithGoodValues" executed="True" success="True" time="0.000" asserts="0">
                                <results>
                                  <test-case name="NUnit.Framework.Constraints.Tests.ExactTypeTest.SucceedsWithGoodValues(NUnit.Framework.Constraints.Tests.D1)" executed="True" success="True" time="0.000" asserts="1" />
                                </results>
                              </test-suite>
                            </results>
                          </test-suite>
                          <test-suite name="GreaterThanOrEqualTest" executed="True" success="True" time="0.031" asserts="0">
                            <results>
                              <test-suite name="FailsWithBadValues" executed="True" success="True" time="0.000" asserts="0">
                                <results>
                                  <test-case name="NUnit.Framework.Constraints.Tests.GreaterThanOrEqualTest.FailsWithBadValues(4)" executed="True" success="True" time="0.000" asserts="1" />
                                </results>
                              </test-suite>
                              <test-suite name="InvalidDataThrowsArgumentException" executed="True" success="True" time="0.000" asserts="0">
                                <results>
                                  <test-case name="NUnit.Framework.Constraints.Tests.GreaterThanOrEqualTest.InvalidDataThrowsArgumentException(&quot;xxx&quot;)" executed="True" success="True" time="0.000" asserts="0" />
                                  <test-case name="NUnit.Framework.Constraints.Tests.GreaterThanOrEqualTest.InvalidDataThrowsArgumentException(null)" executed="True" success="True" time="0.000" asserts="0" />
                                </results>
                              </test-suite>
                              <test-case name="NUnit.Framework.Constraints.Tests.GreaterThanOrEqualTest.ProvidesProperDescription" executed="True" success="True" time="0.000" asserts="1" />
                              <test-suite name="ProvidesProperFailureMessage" executed="True" success="True" time="0.000" asserts="0">
                                <results>
                                  <test-case name="NUnit.Framework.Constraints.Tests.GreaterThanOrEqualTest.ProvidesProperFailureMessage(4,&quot;4&quot;)" executed="True" success="True" time="0.000" asserts="1" />
                                </results>
                              </test-suite>
                              <test-case name="NUnit.Framework.Constraints.Tests.GreaterThanOrEqualTest.ProvidesProperStringRepresentation" executed="True" success="True" time="0.000" asserts="1" />
                              <test-suite name="SucceedsWithGoodValues" executed="True" success="True" time="0.016" asserts="0">
                                <results>
                                  <test-case name="NUnit.Framework.Constraints.Tests.GreaterThanOrEqualTest.SucceedsWithGoodValues(5)" executed="True" success="True" time="0.000" asserts="1" />
                                  <test-case name="NUnit.Framework.Constraints.Tests.GreaterThanOrEqualTest.SucceedsWithGoodValues(6)" executed="True" success="True" time="0.000" asserts="1" />
                                </results>
                              </test-suite>
                            </results>
                          </test-suite>
                          <test-suite name="GreaterThanTest" executed="True" success="True" time="0.016" asserts="0">
                            <results>
                              <test-suite name="FailsWithBadValues" executed="True" success="True" time="0.000" asserts="0">
                                <results>
                                  <test-case name="NUnit.Framework.Constraints.Tests.GreaterThanTest.FailsWithBadValues(4)" executed="True" success="True" time="0.000" asserts="1" />
                                  <test-case name="NUnit.Framework.Constraints.Tests.GreaterThanTest.FailsWithBadValues(5)" executed="True" success="True" time="0.000" asserts="1" />
                                </results>
                              </test-suite>
                              <test-suite name="InvalidDataThrowsArgumentException" executed="True" success="True" time="0.016" asserts="0">
                                <results>
                                  <test-case name="NUnit.Framework.Constraints.Tests.GreaterThanTest.InvalidDataThrowsArgumentException(&quot;xxx&quot;)" executed="True" success="True" time="0.000" asserts="0" />
                                  <test-case name="NUnit.Framework.Constraints.Tests.GreaterThanTest.InvalidDataThrowsArgumentException(null)" executed="True" success="True" time="0.000" asserts="0" />
                                </results>
                              </test-suite>
                              <test-case name="NUnit.Framework.Constraints.Tests.GreaterThanTest.ProvidesProperDescription" executed="True" success="True" time="0.000" asserts="1" />
                              <test-suite name="ProvidesProperFailureMessage" executed="True" success="True" time="0.000" asserts="0">
                                <results>
                                  <test-case name="NUnit.Framework.Constraints.Tests.GreaterThanTest.ProvidesProperFailureMessage(4,&quot;4&quot;)" executed="True" success="True" time="0.000" asserts="1" />
                                  <test-case name="NUnit.Framework.Constraints.Tests.GreaterThanTest.ProvidesProperFailureMessage(5,&quot;5&quot;)" executed="True" success="True" time="0.000" asserts="1" />
                                </results>
                              </test-suite>
                              <test-case name="NUnit.Framework.Constraints.Tests.GreaterThanTest.ProvidesProperStringRepresentation" executed="True" success="True" time="0.000" asserts="1" />
                              <test-suite name="SucceedsWithGoodValues" executed="True" success="True" time="0.000" asserts="0">
                                <results>
                                  <test-case name="NUnit.Framework.Constraints.Tests.GreaterThanTest.SucceedsWithGoodValues(5.001d)" executed="True" success="True" time="0.000" asserts="1" />
                                  <test-case name="NUnit.Framework.Constraints.Tests.GreaterThanTest.SucceedsWithGoodValues(6)" executed="True" success="True" time="0.000" asserts="1" />
                                </results>
                              </test-suite>
                            </results>
                          </test-suite>
                          <test-suite name="InstanceOfTypeTest" executed="True" success="True" time="0.000" asserts="0">
                            <results>
                              <test-suite name="FailsWithBadValues" executed="True" success="True" time="0.000" asserts="0">
                                <results>
                                  <test-case name="NUnit.Framework.Constraints.Tests.InstanceOfTypeTest.FailsWithBadValues(NUnit.Framework.Constraints.Tests.B)" executed="True" success="True" time="0.000" asserts="1" />
                                </results>
                              </test-suite>
                              <test-case name="NUnit.Framework.Constraints.Tests.InstanceOfTypeTest.ProvidesProperDescription" executed="True" success="True" time="0.000" asserts="1" />
                              <test-suite name="ProvidesProperFailureMessage" executed="True" success="True" time="0.000" asserts="0">
                                <results>
                                  <test-case name="NUnit.Framework.Constraints.Tests.InstanceOfTypeTest.ProvidesProperFailureMessage(NUnit.Framework.Constraints.Tests.B,&quot;&lt;NUnit.Framework.Constraints.Tests.B&gt;&quot;)" executed="True" success="True" time="0.000" asserts="1" />
                                </results>
                              </test-suite>
                              <test-case name="NUnit.Framework.Constraints.Tests.InstanceOfTypeTest.ProvidesProperStringRepresentation" executed="True" success="True" time="0.000" asserts="1" />
                              <test-suite name="SucceedsWithGoodValues" executed="True" success="True" time="0.000" asserts="0">
                                <results>
                                  <test-case name="NUnit.Framework.Constraints.Tests.InstanceOfTypeTest.SucceedsWithGoodValues(NUnit.Framework.Constraints.Tests.D1)" executed="True" success="True" time="0.000" asserts="1" />
                                  <test-case name="NUnit.Framework.Constraints.Tests.InstanceOfTypeTest.SucceedsWithGoodValues(NUnit.Framework.Constraints.Tests.D2)" executed="True" success="True" time="0.000" asserts="1" />
                                </results>
                              </test-suite>
                            </results>
                          </test-suite>
                          <test-suite name="LessThanOrEqualTest" executed="True" success="True" time="0.063" asserts="0">
                            <results>
                              <test-suite name="FailsWithBadValues" executed="True" success="True" time="0.000" asserts="0">
                                <results>
                                  <test-case name="NUnit.Framework.Constraints.Tests.LessThanOrEqualTest.FailsWithBadValues(6)" executed="True" success="True" time="0.000" asserts="1" />
                                </results>
                              </test-suite>
                              <test-suite name="InvalidDataThrowsArgumentException" executed="True" success="True" time="0.063" asserts="0">
                                <results>
                                  <test-case name="NUnit.Framework.Constraints.Tests.LessThanOrEqualTest.InvalidDataThrowsArgumentException(&quot;xxx&quot;)" executed="True" success="True" time="0.047" asserts="0" />
                                  <test-case name="NUnit.Framework.Constraints.Tests.LessThanOrEqualTest.InvalidDataThrowsArgumentException(null)" executed="True" success="True" time="0.000" asserts="0" />
                                </results>
                              </test-suite>
                              <test-case name="NUnit.Framework.Constraints.Tests.LessThanOrEqualTest.ProvidesProperDescription" executed="True" success="True" time="0.000" asserts="1" />
                              <test-suite name="ProvidesProperFailureMessage" executed="True" success="True" time="0.000" asserts="0">
                                <results>
                                  <test-case name="NUnit.Framework.Constraints.Tests.LessThanOrEqualTest.ProvidesProperFailureMessage(6,&quot;6&quot;)" executed="True" success="True" time="0.000" asserts="1" />
                                </results>
                              </test-suite>
                              <test-case name="NUnit.Framework.Constraints.Tests.LessThanOrEqualTest.ProvidesProperStringRepresentation" executed="True" success="True" time="0.000" asserts="1" />
                              <test-suite name="SucceedsWithGoodValues" executed="True" success="True" time="0.000" asserts="0">
                                <results>
                                  <test-case name="NUnit.Framework.Constraints.Tests.LessThanOrEqualTest.SucceedsWithGoodValues(4)" executed="True" success="True" time="0.000" asserts="1" />
                                  <test-case name="NUnit.Framework.Constraints.Tests.LessThanOrEqualTest.SucceedsWithGoodValues(5)" executed="True" success="True" time="0.000" asserts="1" />
                                </results>
                              </test-suite>
                            </results>
                          </test-suite>
                          <test-suite name="LessThanTest" executed="True" success="True" time="0.047" asserts="0">
                            <results>
                              <test-suite name="FailsWithBadValues" executed="True" success="True" time="0.000" asserts="0">
                                <results>
                                  <test-case name="NUnit.Framework.Constraints.Tests.LessThanTest.FailsWithBadValues(5)" executed="True" success="True" time="0.000" asserts="1" />
                                  <test-case name="NUnit.Framework.Constraints.Tests.LessThanTest.FailsWithBadValues(6)" executed="True" success="True" time="0.000" asserts="1" />
                                </results>
                              </test-suite>
                              <test-suite name="InvalidDataThrowsArgumentException" executed="True" success="True" time="0.031" asserts="0">
                                <results>
                                  <test-case name="NUnit.Framework.Constraints.Tests.LessThanTest.InvalidDataThrowsArgumentException(&quot;xxx&quot;)" executed="True" success="True" time="0.000" asserts="0" />
                                  <test-case name="NUnit.Framework.Constraints.Tests.LessThanTest.InvalidDataThrowsArgumentException(null)" executed="True" success="True" time="0.000" asserts="0" />
                                </results>
                              </test-suite>
                              <test-case name="NUnit.Framework.Constraints.Tests.LessThanTest.ProvidesProperDescription" executed="True" success="True" time="0.000" asserts="1" />
                              <test-suite name="ProvidesProperFailureMessage" executed="True" success="True" time="0.000" asserts="0">
                                <results>
                                  <test-case name="NUnit.Framework.Constraints.Tests.LessThanTest.ProvidesProperFailureMessage(5,&quot;5&quot;)" executed="True" success="True" time="0.000" asserts="1" />
                                  <test-case name="NUnit.Framework.Constraints.Tests.LessThanTest.ProvidesProperFailureMessage(6,&quot;6&quot;)" executed="True" success="True" time="0.000" asserts="1" />
                                </results>
                              </test-suite>
                              <test-case name="NUnit.Framework.Constraints.Tests.LessThanTest.ProvidesProperStringRepresentation" executed="True" success="True" time="0.000" asserts="1" />
                              <test-suite name="SucceedsWithGoodValues" executed="True" success="True" time="0.016" asserts="0">
                                <results>
                                  <test-case name="NUnit.Framework.Constraints.Tests.LessThanTest.SucceedsWithGoodValues(4)" executed="True" success="True" time="0.000" asserts="1" />
                                  <test-case name="NUnit.Framework.Constraints.Tests.LessThanTest.SucceedsWithGoodValues(4.999d)" executed="True" success="True" time="0.000" asserts="1" />
                                </results>
                              </test-suite>
                            </results>
                          </test-suite>
                          <test-suite name="MsgUtilTests" executed="True" success="True" time="0.000" asserts="0">
                            <results>
                              <test-case name="NUnit.Framework.Constraints.Tests.MsgUtilTests.ClipExpectedAndActual_StringsDoNotFitInLine" executed="True" success="True" time="0.000" asserts="4" />
                              <test-case name="NUnit.Framework.Constraints.Tests.MsgUtilTests.ClipExpectedAndActual_StringsFitInLine" executed="True" success="True" time="0.000" asserts="4" />
                              <test-case name="NUnit.Framework.Constraints.Tests.MsgUtilTests.ClipExpectedAndActual_StringTailsFitInLine" executed="True" success="True" time="0.000" asserts="1" />
                              <test-suite name="TestClipString" executed="True" success="True" time="0.000" asserts="0">
                                <results>
                                  <test-case name="NUnit.Framework.Constraints.Tests.MsgUtilTests.ClipAtEnd" executed="True" success="True" time="0.000" asserts="1" />
                                  <test-case name="NUnit.Framework.Constraints.Tests.MsgUtilTests.ClipAtStart" executed="True" success="True" time="0.000" asserts="1" />
                                  <test-case name="NUnit.Framework.Constraints.Tests.MsgUtilTests.ClipAtStartAndEnd" executed="True" success="True" time="0.000" asserts="1" />
                                  <test-case name="NUnit.Framework.Constraints.Tests.MsgUtilTests.NoClippingNeeded" executed="True" success="True" time="0.000" asserts="1" />
                                </results>
                              </test-suite>
                              <test-suite name="TestConvertWhitespace" executed="True" success="True" time="0.000" asserts="0">
                                <results>
                                  <test-case name="NUnit.Framework.Constraints.Tests.MsgUtilTests.TestConvertWhitespace(&quot;	&#xA;&quot;,&quot;\t\n&quot;)" executed="True" success="True" time="0.000" asserts="1" />
                                  <test-case name="NUnit.Framework.Constraints.Tests.MsgUtilTests.TestConvertWhitespace(&quot;	&quot;,&quot;\t&quot;)" executed="True" success="True" time="0.000" asserts="1" />
                                  <test-case name="NUnit.Framework.Constraints.Tests.MsgUtilTests.TestConvertWhitespace(&quot;&#xA;&#xA;&#xA;&quot;,&quot;\n\n\n&quot;)" executed="True" success="True" time="0.000" asserts="1" />
                                  <test-case name="NUnit.Framework.Constraints.Tests.MsgUtilTests.TestConvertWhitespace(&quot;&#xA;&#xA;&quot;,&quot;\n\n&quot;)" executed="True" success="True" time="0.000" asserts="1" />
                                  <test-case name="NUnit.Framework.Constraints.Tests.MsgUtilTests.TestConvertWhitespace(&quot;&#xA;&#xD;&quot;,&quot;\n\r&quot;)" executed="True" success="True" time="0.000" asserts="1" />
                                  <test-case name="NUnit.Framework.Constraints.Tests.MsgUtilTests.TestConvertWhitespace(&quot;&#xA;&quot;,&quot;\n&quot;)" executed="True" success="True" time="0.000" asserts="1" />
                                  <test-case name="NUnit.Framework.Constraints.Tests.MsgUtilTests.TestConvertWhitespace(&quot;&#xD;&#xA;&quot;,&quot;\r\n&quot;)" executed="True" success="True" time="0.000" asserts="1" />
                                  <test-case name="NUnit.Framework.Constraints.Tests.MsgUtilTests.TestConvertWhitespace(&quot;&#xD;&#xD;&#xD;&quot;,&quot;\r\r\r&quot;)" executed="True" success="True" time="0.000" asserts="1" />
                                  <test-case name="NUnit.Framework.Constraints.Tests.MsgUtilTests.TestConvertWhitespace(&quot;&#xD;&#xD;&quot;,&quot;\r\r&quot;)" executed="True" success="True" time="0.000" asserts="1" />
                                  <test-case name="NUnit.Framework.Constraints.Tests.MsgUtilTests.TestConvertWhitespace(&quot;&#xD;&quot;,&quot;\r&quot;)" executed="True" success="True" time="0.000" asserts="1" />
                                  <test-case name="NUnit.Framework.Constraints.Tests.MsgUtilTests.TestConvertWhitespace(&quot;&quot;,&quot;&quot;)" executed="True" success="True" time="0.000" asserts="1" />
                                  <test-case name="NUnit.Framework.Constraints.Tests.MsgUtilTests.TestConvertWhitespace(&quot;\r\n&quot;,&quot;\\r\\n&quot;)" executed="True" success="True" time="0.000" asserts="1" />
                                  <test-case name="NUnit.Framework.Constraints.Tests.MsgUtilTests.TestConvertWhitespace(&quot;This is a&#xD;test message&quot;,&quot;This is a\rtest message&quot;)" executed="True" success="True" time="0.000" asserts="1" />
                                  <test-case name="NUnit.Framework.Constraints.Tests.MsgUtilTests.TestConvertWhitespace(null,null)" executed="True" success="True" time="0.000" asserts="1" />
                                </results>
                              </test-suite>
                            </results>
                          </test-suite>
                          <test-suite name="NotTest" executed="True" success="True" time="0.094" asserts="0">
                            <results>
                              <test-case name="NUnit.Framework.Constraints.Tests.NotTest.CanUseNotOperator" executed="True" success="True" time="0.000" asserts="1" />
                              <test-suite name="FailsWithBadValues" executed="True" success="True" time="0.000" asserts="0">
                                <results>
                                  <test-case name="NUnit.Framework.Constraints.Tests.NotTest.FailsWithBadValues(null)" executed="True" success="True" time="0.000" asserts="1" />
                                </results>
                              </test-suite>
                              <test-case name="NUnit.Framework.Constraints.Tests.NotTest.NotHonorsIgnoreCaseUsingConstructors" executed="True" success="True" time="0.078" asserts="1" />
                              <test-case name="NUnit.Framework.Constraints.Tests.NotTest.NotHonorsIgnoreCaseUsingPrefixNotation" executed="True" success="True" time="0.000" asserts="1" />
                              <test-case name="NUnit.Framework.Constraints.Tests.NotTest.NotHonorsTolerance" executed="True" success="True" time="0.000" asserts="1" />
                              <test-case name="NUnit.Framework.Constraints.Tests.NotTest.ProvidesProperDescription" executed="True" success="True" time="0.000" asserts="1" />
                              <test-suite name="ProvidesProperFailureMessage" executed="True" success="True" time="0.000" asserts="0">
                                <results>
                                  <test-case name="NUnit.Framework.Constraints.Tests.NotTest.ProvidesProperFailureMessage(null,&quot;null&quot;)" executed="True" success="True" time="0.000" asserts="1" />
                                </results>
                              </test-suite>
                              <test-case name="NUnit.Framework.Constraints.Tests.NotTest.ProvidesProperStringRepresentation" executed="True" success="True" time="0.000" asserts="1" />
                              <test-suite name="SucceedsWithGoodValues" executed="True" success="True" time="0.000" asserts="0">
                                <results>
                                  <test-case name="NUnit.Framework.Constraints.Tests.NotTest.SucceedsWithGoodValues(&quot;Hello&quot;)" executed="True" success="True" time="0.000" asserts="1" />
                                  <test-case name="NUnit.Framework.Constraints.Tests.NotTest.SucceedsWithGoodValues(42)" executed="True" success="True" time="0.000" asserts="1" />
                                </results>
                              </test-suite>
                            </results>
                          </test-suite>
                          <test-suite name="OrTest" executed="True" success="True" time="0.000" asserts="0">
                            <results>
                              <test-case name="NUnit.Framework.Constraints.Tests.OrTest.CanCombineTestsWithOrOperator" executed="True" success="True" time="0.000" asserts="1" />
                              <test-suite name="FailsWithBadValues" executed="True" success="True" time="0.000" asserts="0">
                                <results>
                                  <test-case name="NUnit.Framework.Constraints.Tests.OrTest.FailsWithBadValues(37)" executed="True" success="True" time="0.000" asserts="1" />
                                </results>
                              </test-suite>
                              <test-case name="NUnit.Framework.Constraints.Tests.OrTest.ProvidesProperDescription" executed="True" success="True" time="0.000" asserts="1" />
                              <test-suite name="ProvidesProperFailureMessage" executed="True" success="True" time="0.000" asserts="0">
                                <results>
                                  <test-case name="NUnit.Framework.Constraints.Tests.OrTest.ProvidesProperFailureMessage(37,&quot;37&quot;)" executed="True" success="True" time="0.000" asserts="1" />
                                </results>
                              </test-suite>
                              <test-case name="NUnit.Framework.Constraints.Tests.OrTest.ProvidesProperStringRepresentation" executed="True" success="True" time="0.000" asserts="1" />
                              <test-suite name="SucceedsWithGoodValues" executed="True" success="True" time="0.000" asserts="0">
                                <results>
                                  <test-case name="NUnit.Framework.Constraints.Tests.OrTest.SucceedsWithGoodValues(42)" executed="True" success="True" time="0.000" asserts="1" />
                                  <test-case name="NUnit.Framework.Constraints.Tests.OrTest.SucceedsWithGoodValues(99)" executed="True" success="True" time="0.000" asserts="1" />
                                </results>
                              </test-suite>
                            </results>
                          </test-suite>
                          <test-suite name="PropertyExistsTest" executed="True" success="True" time="0.078" asserts="0">
                            <results>
                              <test-suite name="FailsWithBadValues" executed="True" success="True" time="0.000" asserts="0">
                                <results>
                                  <test-case name="NUnit.Framework.Constraints.Tests.PropertyExistsTest.FailsWithBadValues(42)" executed="True" success="True" time="0.000" asserts="1" />
                                  <test-case name="NUnit.Framework.Constraints.Tests.PropertyExistsTest.FailsWithBadValues(System.Collections.ArrayList)" executed="True" success="True" time="0.000" asserts="1" />
                                  <test-case name="NUnit.Framework.Constraints.Tests.PropertyExistsTest.FailsWithBadValues(System.Int32)" executed="True" success="True" time="0.000" asserts="1" />
                                </results>
                              </test-suite>
                              <test-suite name="InvalidDataThrowsException" executed="True" success="True" time="0.063" asserts="0">
                                <results>
                                  <test-case name="NUnit.Framework.Constraints.Tests.PropertyExistsTest.InvalidDataThrowsException(null)" executed="True" success="True" time="0.063" asserts="0" />
                                </results>
                              </test-suite>
                              <test-case name="NUnit.Framework.Constraints.Tests.PropertyExistsTest.ProvidesProperDescription" executed="True" success="True" time="0.000" asserts="1" />
                              <test-suite name="ProvidesProperFailureMessage" executed="True" success="True" time="0.000" asserts="0">
                                <results>
                                  <test-case name="NUnit.Framework.Constraints.Tests.PropertyExistsTest.ProvidesProperFailureMessage(42,&quot;&lt;System.Int32&gt;&quot;)" executed="True" success="True" time="0.000" asserts="1" />
                                  <test-case name="NUnit.Framework.Constraints.Tests.PropertyExistsTest.ProvidesProperFailureMessage(System.Collections.ArrayList,&quot;&lt;System.Collections.ArrayList&gt;&quot;)" executed="True" success="True" time="0.000" asserts="1" />
                                  <test-case name="NUnit.Framework.Constraints.Tests.PropertyExistsTest.ProvidesProperFailureMessage(System.Int32,&quot;&lt;System.Int32&gt;&quot;)" executed="True" success="True" time="0.000" asserts="1" />
                                </results>
                              </test-suite>
                              <test-case name="NUnit.Framework.Constraints.Tests.PropertyExistsTest.ProvidesProperStringRepresentation" executed="True" success="True" time="0.000" asserts="1" />
                              <test-suite name="SucceedsWithGoodValues" executed="True" success="True" time="0.000" asserts="0">
                                <results>
                                  <test-case name="NUnit.Framework.Constraints.Tests.PropertyExistsTest.SucceedsWithGoodValues(&quot;hello&quot;)" executed="True" success="True" time="0.000" asserts="1" />
                                  <test-case name="NUnit.Framework.Constraints.Tests.PropertyExistsTest.SucceedsWithGoodValues(System.Array)" executed="True" success="True" time="0.000" asserts="1" />
                                  <test-case name="NUnit.Framework.Constraints.Tests.PropertyExistsTest.SucceedsWithGoodValues(System.Int32[])" executed="True" success="True" time="0.000" asserts="1" />
                                </results>
                              </test-suite>
                            </results>
                          </test-suite>
                          <test-suite name="PropertyTest" executed="True" success="True" time="0.063" asserts="0">
                            <results>
                              <test-suite name="FailsWithBadValues" executed="True" success="True" time="0.016" asserts="0">
                                <results>
                                  <test-case name="NUnit.Framework.Constraints.Tests.PropertyTest.FailsWithBadValues(&quot;goodbye&quot;)" executed="True" success="True" time="0.016" asserts="1" />
                                  <test-case name="NUnit.Framework.Constraints.Tests.PropertyTest.FailsWithBadValues(System.Int32[])" executed="True" success="True" time="0.000" asserts="1" />
                                </results>
                              </test-suite>
                              <test-suite name="InvalidDataThrowsException" executed="True" success="True" time="0.031" asserts="0">
                                <results>
                                  <test-case name="NUnit.Framework.Constraints.Tests.PropertyTest.InvalidDataThrowsException(42)" executed="True" success="True" time="0.016" asserts="0" />
                                  <test-case name="NUnit.Framework.Constraints.Tests.PropertyTest.InvalidDataThrowsException(null)" executed="True" success="True" time="0.000" asserts="0" />
                                  <test-case name="NUnit.Framework.Constraints.Tests.PropertyTest.InvalidDataThrowsException(System.Collections.ArrayList)" executed="True" success="True" time="0.000" asserts="0" />
                                </results>
                              </test-suite>
                              <test-case name="NUnit.Framework.Constraints.Tests.PropertyTest.ProvidesProperDescription" executed="True" success="True" time="0.000" asserts="1" />
                              <test-suite name="ProvidesProperFailureMessage" executed="True" success="True" time="0.000" asserts="0">
                                <results>
                                  <test-case name="NUnit.Framework.Constraints.Tests.PropertyTest.ProvidesProperFailureMessage(&quot;goodbye&quot;,&quot;7&quot;)" executed="True" success="True" time="0.000" asserts="1" />
                                  <test-case name="NUnit.Framework.Constraints.Tests.PropertyTest.ProvidesProperFailureMessage(System.Int32[],&quot;3&quot;)" executed="True" success="True" time="0.000" asserts="1" />
                                </results>
                              </test-suite>
                              <test-case name="NUnit.Framework.Constraints.Tests.PropertyTest.ProvidesProperStringRepresentation" executed="True" success="True" time="0.000" asserts="1" />
                              <test-suite name="SucceedsWithGoodValues" executed="True" success="True" time="0.016" asserts="0">
                                <results>
                                  <test-case name="NUnit.Framework.Constraints.Tests.PropertyTest.SucceedsWithGoodValues(&quot;hello&quot;)" executed="True" success="True" time="0.000" asserts="1" />
                                  <test-case name="NUnit.Framework.Constraints.Tests.PropertyTest.SucceedsWithGoodValues(System.Int32[])" executed="True" success="True" time="0.000" asserts="1" />
                                </results>
                              </test-suite>
                            </results>
                          </test-suite>
                          <test-suite name="SameAsTest" executed="True" success="True" time="0.031" asserts="0">
                            <results>
                              <test-suite name="FailsWithBadValues" executed="True" success="True" time="0.016" asserts="0">
                                <results>
                                  <test-case name="NUnit.Framework.Constraints.Tests.SameAsTest.FailsWithBadValues(&quot;Hello&quot;)" executed="True" success="True" time="0.000" asserts="1" />
                                  <test-case name="NUnit.Framework.Constraints.Tests.SameAsTest.FailsWithBadValues(3)" executed="True" success="True" time="0.000" asserts="1" />
                                  <test-case name="NUnit.Framework.Constraints.Tests.SameAsTest.FailsWithBadValues(System.Object)" executed="True" success="True" time="0.000" asserts="1" />
                                </results>
                              </test-suite>
                              <test-case name="NUnit.Framework.Constraints.Tests.SameAsTest.ProvidesProperDescription" executed="True" success="True" time="0.000" asserts="1" />
                              <test-suite name="ProvidesProperFailureMessage" executed="True" success="True" time="0.016" asserts="0">
                                <results>
                                  <test-case name="NUnit.Framework.Constraints.Tests.SameAsTest.ProvidesProperFailureMessage(&quot;Hello&quot;,&quot;&quot;Hello&quot;&quot;)" executed="True" success="True" time="0.000" asserts="1" />
                                  <test-case name="NUnit.Framework.Constraints.Tests.SameAsTest.ProvidesProperFailureMessage(3,&quot;3&quot;)" executed="True" success="True" time="0.000" asserts="1" />
                                  <test-case name="NUnit.Framework.Constraints.Tests.SameAsTest.ProvidesProperFailureMessage(System.Object,&quot;&lt;System.Object&gt;&quot;)" executed="True" success="True" time="0.000" asserts="1" />
                                </results>
                              </test-suite>
                              <test-case name="NUnit.Framework.Constraints.Tests.SameAsTest.ProvidesProperStringRepresentation" executed="True" success="True" time="0.000" asserts="1" />
                              <test-suite name="SucceedsWithGoodValues" executed="True" success="True" time="0.000" asserts="0">
                                <results>
                                  <test-case name="NUnit.Framework.Constraints.Tests.SameAsTest.SucceedsWithGoodValues(System.Object)" executed="True" success="True" time="0.000" asserts="1" />
                                </results>
                              </test-suite>
                            </results>
                          </test-suite>
                          <test-suite name="SamePathOrUnderTest_Linux" executed="True" success="True" time="0.000" asserts="0">
                            <results>
                              <test-suite name="FailsWithBadValues" executed="True" success="True" time="0.000" asserts="0">
                                <results>
                                  <test-case name="NUnit.Framework.Constraints.Tests.SamePathOrUnderTest_Linux.FailsWithBadValues(&quot;/folder1&quot;)" executed="True" success="True" time="0.000" asserts="1" />
                                  <test-case name="NUnit.Framework.Constraints.Tests.SamePathOrUnderTest_Linux.FailsWithBadValues(&quot;/folder1/./folder2/../folder3&quot;)" executed="True" success="True" time="0.000" asserts="1" />
                                  <test-case name="NUnit.Framework.Constraints.Tests.SamePathOrUnderTest_Linux.FailsWithBadValues(&quot;/FOLDER1/./junk/../Folder2&quot;)" executed="True" success="True" time="0.000" asserts="1" />
                                  <test-case name="NUnit.Framework.Constraints.Tests.SamePathOrUnderTest_Linux.FailsWithBadValues(&quot;/FOLDER1/./junk/../Folder2/temp/../Folder3&quot;)" executed="True" success="True" time="0.000" asserts="1" />
                                  <test-case name="NUnit.Framework.Constraints.Tests.SamePathOrUnderTest_Linux.FailsWithBadValues(&quot;/Folder1/Folder2&quot;)" executed="True" success="True" time="0.000" asserts="1" />
                                  <test-case name="NUnit.Framework.Constraints.Tests.SamePathOrUnderTest_Linux.FailsWithBadValues(&quot;/folder1/folder3&quot;)" executed="True" success="True" time="0.000" asserts="1" />
                                  <test-case name="NUnit.Framework.Constraints.Tests.SamePathOrUnderTest_Linux.FailsWithBadValues(123)" executed="True" success="True" time="0.000" asserts="1" />
                                </results>
                              </test-suite>
                              <test-case name="NUnit.Framework.Constraints.Tests.SamePathOrUnderTest_Linux.ProvidesProperDescription" executed="True" success="True" time="0.000" asserts="1" />
                              <test-suite name="ProvidesProperFailureMessage" executed="True" success="True" time="0.000" asserts="0">
                                <results>
                                  <test-case name="NUnit.Framework.Constraints.Tests.SamePathOrUnderTest_Linux.ProvidesProperFailureMessage(&quot;/folder1&quot;,&quot;&quot;/folder1&quot;&quot;)" executed="True" success="True" time="0.000" asserts="1" />
[...]
                        </results>
                      </test-suite>
                      <test-suite name="CommandLineTests_MultipleAssemblies" executed="True" success="True" time="0.000" asserts="0">
                        <results>
                          <test-case name="NUnit.ConsoleRunner.Tests.CommandLineTests_MultipleAssemblies.CheckParameters" executed="True" success="True" time="0.000" asserts="2" />
                          <test-case name="NUnit.ConsoleRunner.Tests.CommandLineTests_MultipleAssemblies.FixtureParameters" executed="True" success="True" time="0.000" asserts="3" />
                          <test-case name="NUnit.ConsoleRunner.Tests.CommandLineTests_MultipleAssemblies.FixtureValidate" executed="True" success="True" time="0.000" asserts="1" />
                          <test-case name="NUnit.ConsoleRunner.Tests.CommandLineTests_MultipleAssemblies.MultipleAssemblyValidate" executed="True" success="True" time="0.000" asserts="1" />
                          <test-case name="NUnit.ConsoleRunner.Tests.CommandLineTests_MultipleAssemblies.ParameterCount" executed="True" success="True" time="0.000" asserts="1" />
                        </results>
                      </test-suite>
                      <test-suite name="ConsoleRunnerTest" executed="True" success="True" time="18.109" asserts="0">
                        <results>
                          <test-case name="NUnit.ConsoleRunner.Tests.ConsoleRunnerTest.Bug1073539Test" executed="True" success="True" time="1.313" asserts="1" />
                          <test-case name="NUnit.ConsoleRunner.Tests.ConsoleRunnerTest.Bug1311644Test" executed="True" success="True" time="1.125" asserts="1" />
                          <test-case name="NUnit.ConsoleRunner.Tests.ConsoleRunnerTest.CanRunWithMultipleTestDomains" executed="True" success="True" time="2.453" asserts="2" />
                          <test-case name="NUnit.ConsoleRunner.Tests.ConsoleRunnerTest.CanRunWithMultipleTestDomains_NoThread" executed="True" success="True" time="2.406" asserts="2" />
                          <test-case name="NUnit.ConsoleRunner.Tests.ConsoleRunnerTest.CanRunWithoutTestDomain" executed="True" success="True" time="0.078" asserts="2" />
                          <test-case name="NUnit.ConsoleRunner.Tests.ConsoleRunnerTest.CanRunWithoutTestDomain_NoThread" executed="True" success="True" time="0.094" asserts="2" />
                          <test-case name="NUnit.ConsoleRunner.Tests.ConsoleRunnerTest.CanRunWithSingleTestDomain" executed="True" success="True" time="1.328" asserts="2" />
                          <test-case name="NUnit.ConsoleRunner.Tests.ConsoleRunnerTest.CanRunWithSingleTestDomain_NoThread" executed="True" success="True" time="1.203" asserts="2" />
                          <test-case name="NUnit.ConsoleRunner.Tests.ConsoleRunnerTest.FailureFixture" executed="True" success="True" time="1.234" asserts="1" />
                          <test-case name="NUnit.ConsoleRunner.Tests.ConsoleRunnerTest.InvalidAssembly" executed="True" success="True" time="0.797" asserts="1" />
                          <test-case name="NUnit.ConsoleRunner.Tests.ConsoleRunnerTest.InvalidFixture" executed="True" success="True" time="0.891" asserts="1" />
                          <test-case name="NUnit.ConsoleRunner.Tests.ConsoleRunnerTest.MultiFailureFixture" executed="True" success="True" time="1.719" asserts="1" />
                          <test-case name="NUnit.ConsoleRunner.Tests.ConsoleRunnerTest.SuccessFixture" executed="True" success="True" time="1.188" asserts="1" />
                          <test-case name="NUnit.ConsoleRunner.Tests.ConsoleRunnerTest.XmlResult" executed="True" success="True" time="1.125" asserts="2" />
                          <test-case name="NUnit.ConsoleRunner.Tests.ConsoleRunnerTest.XmlToConsole" executed="True" success="True" time="1.078" asserts="2" />
                        </results>
                      </test-suite>
                    </results>
                  </test-suite>
                </results>
              </test-suite>
            </results>
          </test-suite>
        </results>
      </test-suite>
      <test-suite name="D:\Dev\NUnit\nunit-2.5\build\net\2.0\release\tests/nunit.uikit.tests.dll" executed="True" success="True" time="3.906" asserts="0">
        <results>
          <test-suite name="NUnit" executed="True" success="True" time="3.906" asserts="0">
            <results>
              <test-suite name="UiKit" executed="True" success="True" time="3.891" asserts="0">
                <results>
                  <test-suite name="Tests" executed="True" success="True" time="3.875" asserts="0">
                    <results>
                      <test-suite name="AddConfigurationDialogTests" executed="True" success="True" time="1.094" asserts="0">
                        <results>
                          <test-case name="NUnit.UiKit.Tests.AddConfigurationDialogTests.CheckComboBox" executed="True" success="True" time="0.969" asserts="5" />
                          <test-case name="NUnit.UiKit.Tests.AddConfigurationDialogTests.CheckForControls" executed="True" success="True" time="0.000" asserts="0" />
                          <test-case name="NUnit.UiKit.Tests.AddConfigurationDialogTests.CheckTextBox" executed="True" success="True" time="0.016" asserts="1" />
                          <test-case name="NUnit.UiKit.Tests.AddConfigurationDialogTests.TestComplexEntry" executed="True" success="True" time="0.094" asserts="2" />
                          <test-case name="NUnit.UiKit.Tests.AddConfigurationDialogTests.TestSimpleEntry" executed="True" success="True" time="0.016" asserts="2" />
                        </results>
                      </test-suite>
                      <test-suite name="ErrorDisplayTests" executed="True" success="True" time="0.047" asserts="0">
                        <results>
                          <test-case name="NUnit.UiKit.Tests.ErrorDisplayTests.ControlsArePositionedCorrectly" executed="True" success="True" time="0.000" asserts="0" />
                          <test-case name="NUnit.UiKit.Tests.ErrorDisplayTests.ControlsExist" executed="True" success="True" time="0.000" asserts="0" />
                        </results>
                      </test-suite>
                      <test-suite name="LongRunningOperationDisplayTests" executed="True" success="True" time="0.031" asserts="0">
                        <results>
                          <test-case name="NUnit.UiKit.Tests.LongRunningOperationDisplayTests.CreateDisplay" executed="True" success="True" time="0.016" asserts="2" />
                        </results>
                      </test-suite>
                      <test-suite name="ProgressBarTests" executed="True" success="True" time="0.078" asserts="0">
                        <results>
                          <test-case name="NUnit.UiKit.Tests.ProgressBarTests.TestProgressDisplay" executed="True" success="True" time="0.078" asserts="5" />
                        </results>
                      </test-suite>
                      <test-suite name="RecentFileMenuHandlerTests" executed="True" success="True" time="0.016" asserts="0">
                        <results>
                          <test-case name="NUnit.UiKit.Tests.RecentFileMenuHandlerTests.DisableOnLoadWhenEmpty" executed="True" success="True" time="0.000" asserts="1" />
                          <test-case name="NUnit.UiKit.Tests.RecentFileMenuHandlerTests.EnableOnLoadWhenNotEmpty" executed="True" success="True" time="0.000" asserts="1" />
                          <test-case name="NUnit.UiKit.Tests.RecentFileMenuHandlerTests.LoadMenuItems" executed="True" success="True" time="0.000" asserts="2" />
                        </results>
                      </test-suite>
                      <test-suite name="SimpleTextDisplayTests" executed="True" success="True" time="0.250" asserts="0">
                        <results>
                          <test-case name="NUnit.UiKit.Tests.SimpleTextDisplayTests.AppendText_AfterCreation" executed="True" success="True" time="0.031" asserts="7" />
                          <test-case name="NUnit.UiKit.Tests.SimpleTextDisplayTests.AppendText_BeforeAndAfterCreation" executed="True" success="True" time="0.000" asserts="2" />
                          <test-case name="NUnit.UiKit.Tests.SimpleTextDisplayTests.AppendText_BeforeCreation" executed="True" success="True" time="0.000" asserts="2" />
                          <test-case name="NUnit.UiKit.Tests.SimpleTextDisplayTests.ClearText_AfterCreation" executed="True" success="True" time="0.000" asserts="2" />
                          <test-case name="NUnit.UiKit.Tests.SimpleTextDisplayTests.ClearText_BeforeCreation" executed="True" success="True" time="0.000" asserts="2" />
                          <test-case name="NUnit.UiKit.Tests.SimpleTextDisplayTests.SetText_AfterCreation" executed="True" success="True" time="0.016" asserts="2" />
                          <test-case name="NUnit.UiKit.Tests.SimpleTextDisplayTests.SetText_BeforeCreation" executed="True" success="True" time="0.000" asserts="4" />
                          <test-case name="NUnit.UiKit.Tests.SimpleTextDisplayTests.StressTest" executed="True" success="True" time="0.188" asserts="2" />
                        </results>
                      </test-suite>
                      <test-suite name="StatusBarTests" executed="True" success="True" time="0.313" asserts="0">
                        <results>
                          <test-case name="NUnit.UiKit.Tests.StatusBarTests.TestConstruction" executed="True" success="True" time="0.078" asserts="5" />
                          <test-case name="NUnit.UiKit.Tests.StatusBarTests.TestFinalDisplay" executed="True" success="True" time="0.078" asserts="5" />
                          <test-case name="NUnit.UiKit.Tests.StatusBarTests.TestInitialization" executed="True" success="True" time="0.078" asserts="10" />
                          <test-case name="NUnit.UiKit.Tests.StatusBarTests.TestProgressDisplay" executed="True" success="True" time="0.047" asserts="5" />
                        </results>
                      </test-suite>
                      <test-suite name="TestSuiteTreeNodeTests" executed="True" success="True" time="0.172" asserts="0">
                        <results>
                          <test-case name="NUnit.UiKit.Tests.TestSuiteTreeNodeTests.ClearNestedResults" executed="True" success="True" time="0.031" asserts="8" />
                          <test-case name="NUnit.UiKit.Tests.TestSuiteTreeNodeTests.ClearResult" executed="True" success="True" time="0.016" asserts="5" />
                          <test-case name="NUnit.UiKit.Tests.TestSuiteTreeNodeTests.ConstructFromTestInfo" executed="True" success="True" time="0.016" asserts="6" />
                          <test-case name="NUnit.UiKit.Tests.TestSuiteTreeNodeTests.ResultNotSet" executed="True" success="True" time="0.000" asserts="2" />
                          <test-case name="NUnit.UiKit.Tests.TestSuiteTreeNodeTests.SetResult_Failure" executed="True" success="True" time="0.016" asserts="3" />
                          <test-case name="NUnit.UiKit.Tests.TestSuiteTreeNodeTests.SetResult_Ignore" executed="True" success="True" time="0.016" asserts="4" />
                          <test-case name="NUnit.UiKit.Tests.TestSuiteTreeNodeTests.SetResult_Inconclusive" executed="True" success="True" time="0.016" asserts="4" />
                          <test-case name="NUnit.UiKit.Tests.TestSuiteTreeNodeTests.SetResult_Skipped" executed="True" success="True" time="0.016" asserts="3" />
                          <test-case name="NUnit.UiKit.Tests.TestSuiteTreeNodeTests.SetResult_Success" executed="True" success="True" time="0.016" asserts="3" />
                        </results>
                      </test-suite>
                      <test-suite name="TestSuiteTreeViewFixture" executed="True" success="True" time="0.891" asserts="0">
                        <results>
                          <test-case name="NUnit.UiKit.Tests.TestSuiteTreeViewFixture.BuildFromResult" executed="True" success="True" time="0.313" asserts="15" />
                          <test-case name="NUnit.UiKit.Tests.TestSuiteTreeViewFixture.BuildTreeView" executed="True" success="True" time="0.078" asserts="5" />
                          <test-case name="NUnit.UiKit.Tests.TestSuiteTreeViewFixture.ClearTree" executed="True" success="True" time="0.078" asserts="1" />
                          <test-case name="NUnit.UiKit.Tests.TestSuiteTreeViewFixture.ProcessChecks" executed="True" success="True" time="0.109" asserts="7" />
                          <test-case name="NUnit.UiKit.Tests.TestSuiteTreeViewFixture.ReloadTree" executed="True" success="True" time="0.109" asserts="274" />
                          <test-case name="NUnit.UiKit.Tests.TestSuiteTreeViewFixture.ReloadTreeWithWrongTest" executed="True" success="True" time="0.094" asserts="0" />
                          <test-case name="NUnit.UiKit.Tests.TestSuiteTreeViewFixture.SetTestResult" executed="True" success="True" time="0.094" asserts="3" />
                        </results>
                      </test-suite>
                      <test-suite name="VisualStateTests" executed="True" success="True" time="0.969" asserts="0">
                        <results>
                          <test-case name="NUnit.UiKit.Tests.VisualStateTests.SaveAndRestoreVisualState" executed="True" success="True" time="0.969" asserts="5" />
                        </results>
                      </test-suite>
                    </results>
                  </test-suite>
                </results>
              </test-suite>
            </results>
          </test-suite>
        </results>
      </test-suite>
      <test-suite name="D:\Dev\NUnit\nunit-2.5\build\net\2.0\release\tests/nunit-gui.tests.dll" executed="True" success="True" time="0.672" asserts="0">
        <results>
          <test-suite name="NUnit" executed="True" success="True" time="0.672" asserts="0">
            <results>
              <test-suite name="Gui" executed="True" success="True" time="0.672" asserts="0">
                <results>
                  <test-suite name="Tests" executed="True" success="True" time="0.672" asserts="0">
                    <results>
                      <test-suite name="CommandLineTests" executed="True" success="True" time="0.125" asserts="0">
                        <results>
                          <test-case name="NUnit.Gui.Tests.CommandLineTests.AssemblyName" executed="True" success="True" time="0.094" asserts="1" />
                          <test-case name="NUnit.Gui.Tests.CommandLineTests.Help" executed="True" success="True" time="0.000" asserts="1" />
                          <test-case name="NUnit.Gui.Tests.CommandLineTests.HelpTextUsesCorrectDelimiterForPlatform" executed="True" success="True" time="0.000" asserts="1" />
                          <test-case name="NUnit.Gui.Tests.CommandLineTests.InvalidArgs" executed="True" success="True" time="0.000" asserts="1" />
                          <test-case name="NUnit.Gui.Tests.CommandLineTests.InvalidCommandLineParms" executed="True" success="True" time="0.000" asserts="1" />
                          <test-case name="NUnit.Gui.Tests.CommandLineTests.NoNameValuePairs" executed="True" success="True" time="0.000" asserts="1" />
                          <test-case name="NUnit.Gui.Tests.CommandLineTests.NoParametersCount" executed="True" success="True" time="0.000" asserts="1" />
                          <test-case name="NUnit.Gui.Tests.CommandLineTests.ShortHelp" executed="True" success="True" time="0.000" asserts="1" />
                          <test-case name="NUnit.Gui.Tests.CommandLineTests.ValidateSuccessful" executed="True" success="True" time="0.000" asserts="1" />
                        </results>
                      </test-suite>
                      <test-suite name="ExceptionDetailsFormTests" executed="True" success="True" time="0.094" asserts="0">
                        <results>
                          <test-case name="NUnit.Gui.Tests.ExceptionDetailsFormTests.ControlsArePositionedCorrectly" executed="True" success="True" time="0.000" asserts="0" />
                          <test-case name="NUnit.Gui.Tests.ExceptionDetailsFormTests.ControlsExist" executed="True" success="True" time="0.000" asserts="0" />
                          <test-case name="NUnit.Gui.Tests.ExceptionDetailsFormTests.MessageDisplaysCorrectly" executed="True" success="True" time="0.063" asserts="1" />
                        </results>
                      </test-suite>
                      <test-suite name="ProjectEditorTests" executed="True" success="True" time="0.453" asserts="0">
                        <results>
                          <test-case name="NUnit.Gui.Tests.ProjectEditorTests.CheckControls" executed="True" success="True" time="0.250" asserts="0" />
                          <test-case name="NUnit.Gui.Tests.ProjectEditorTests.InitialFieldValues" executed="True" success="True" time="0.109" asserts="2" />
                          <test-case name="NUnit.Gui.Tests.ProjectEditorTests.SetProjectBase" executed="True" success="True" time="0.094" asserts="1" />
                        </results>
                      </test-suite>
                    </results>
                  </test-suite>
                </results>
              </test-suite>
            </results>
          </test-suite>
        </results>
      </test-suite>
      <test-suite name="D:\Dev\NUnit\nunit-2.5\build\net\2.0\release\tests/nunit.fixtures.tests.dll" executed="True" success="True" time="0.656" asserts="0">
        <results>
          <test-suite name="NUnit" executed="True" success="True" time="0.641" asserts="0">
            <results>
              <test-suite name="Fixtures" executed="True" success="True" time="0.641" asserts="0">
                <results>
                  <test-suite name="Tests" executed="True" success="True" time="0.641" asserts="0">
                    <results>
                      <test-suite name="CompilationTests" executed="True" success="True" time="0.641" asserts="0">
                        <results>
                          <test-case name="NUnit.Fixtures.Tests.CompilationTests.CheckDefaultSettings" executed="True" success="True" time="0.063" asserts="5" />
                          <test-case name="NUnit.Fixtures.Tests.CompilationTests.CompileToFile" executed="True" success="True" time="0.203" asserts="3" />
                          <test-case name="NUnit.Fixtures.Tests.CompilationTests.CompilingBadCodeGivesAnError" executed="True" success="True" time="0.094" asserts="1" />
                          <test-case name="NUnit.Fixtures.Tests.CompilationTests.LoadTestsFromCompiledAssembly" executed="True" success="True" time="0.281" asserts="3" />
                        </results>
                      </test-suite>
                      <test-suite name="TestTreeTests" executed="True" success="True" time="0.000" asserts="0">
                        <results>
                          <test-case name="NUnit.Fixtures.Tests.TestTreeTests.MatchingTreesAreEqual" executed="True" success="True" time="0.000" asserts="3" />
                          <test-case name="NUnit.Fixtures.Tests.TestTreeTests.NonMatchingTreesAreNotEqual" executed="True" success="True" time="0.000" asserts="3" />
                        </results>
                      </test-suite>
                    </results>
                  </test-suite>
                </results>
              </test-suite>
            </results>
          </test-suite>
        </results>
      </test-suite>
    </results>
  </test-suite>
</test-results>